<?xml version="1.0" encoding="UTF-8"?>
<robot generator="Robot 4.1.3 (Python 3.10.1 on win32)" generated="20220110 13:03:34.576" rpa="false" schemaversion="2">
<suite id="s1" name="Fasttrack" source="D:\Projects\Heatrow\robot-my\Parking_Tests\fasttrack.robot">
<kw name="Setup chromedriver" type="SETUP">
<kw name="Set Environment Variable" library="OperatingSystem">
<arg>webdriver.chrome.driver</arg>
<arg>./chromedriver.exe</arg>
<doc>Sets an environment variable to a specified value.</doc>
<msg timestamp="20220110 13:03:34.742" level="INFO">Environment variable 'webdriver.chrome.driver' set to value './chromedriver.exe'.</msg>
<status status="PASS" starttime="20220110 13:03:34.741" endtime="20220110 13:03:34.742"/>
</kw>
<status status="PASS" starttime="20220110 13:03:34.741" endtime="20220110 13:03:34.742"/>
</kw>
<test id="s1-t1" name="The user can access the website">
<kw name="Open Browser" library="SeleniumLibrary">
<arg>${URL}</arg>
<arg>${BROWSER}</arg>
<doc>Opens a new browser instance to the optional ``url``.</doc>
<msg timestamp="20220110 13:03:34.742" level="INFO">Opening browser 'headlesschrome' to base url 'https://storefront:lhr2019@stage.gk.heathrow.com/booking/parking'.</msg>
<status status="PASS" starttime="20220110 13:03:34.742" endtime="20220110 13:03:38.446"/>
</kw>
<kw name="Sleep" library="BuiltIn">
<arg>${SLEEP}</arg>
<doc>Pauses the test executed for the given time.</doc>
<msg timestamp="20220110 13:03:40.447" level="INFO">Slept 2 seconds</msg>
<status status="PASS" starttime="20220110 13:03:38.446" endtime="20220110 13:03:40.447"/>
</kw>
<kw name="Click Element" library="SeleniumLibrary">
<arg>xpath://button[@id='ensCloseBanner']</arg>
<doc>Click the element identified by ``locator``.</doc>
<msg timestamp="20220110 13:03:40.448" level="INFO">Clicking element 'xpath://button[@id='ensCloseBanner']'.</msg>
<status status="PASS" starttime="20220110 13:03:40.448" endtime="20220110 13:03:40.527"/>
</kw>
<kw name="Wait Until Page Contains Element" library="SeleniumLibrary">
<arg>//select[@name="dwfrm_parking_terminal"]</arg>
<doc>Waits until the element ``locator`` appears on the current page.</doc>
<status status="PASS" starttime="20220110 13:03:40.527" endtime="20220110 13:03:40.539"/>
</kw>
<kw name="Maximize Browser Window" library="SeleniumLibrary">
<doc>Maximizes current browser window.</doc>
<status status="PASS" starttime="20220110 13:03:40.539" endtime="20220110 13:03:40.656"/>
</kw>
<tag>book_parking_space</tag>
<status status="PASS" starttime="20220110 13:03:34.742" endtime="20220110 13:03:40.656"/>
</test>
<test id="s1-t2" name="User can fill in order details">
<kw name="Sleep" library="BuiltIn">
<arg>${SLEEP}</arg>
<doc>Pauses the test executed for the given time.</doc>
<msg timestamp="20220110 13:03:42.664" level="INFO">Slept 2 seconds</msg>
<status status="PASS" starttime="20220110 13:03:40.659" endtime="20220110 13:03:42.664"/>
</kw>
<kw name="Wait Until Page Contains Element" library="SeleniumLibrary">
<arg>//a[@title="Fast Track Security"]</arg>
<doc>Waits until the element ``locator`` appears on the current page.</doc>
<status status="PASS" starttime="20220110 13:03:42.665" endtime="20220110 13:03:42.689"/>
</kw>
<kw name="Click Link" library="SeleniumLibrary">
<arg>//a[@title="Fast Track Security"]</arg>
<doc>Clicks a link identified by ``locator``.</doc>
<msg timestamp="20220110 13:03:42.690" level="INFO">Clicking link '//a[@title="Fast Track Security"]'.</msg>
<status status="PASS" starttime="20220110 13:03:42.689" endtime="20220110 13:03:44.242"/>
</kw>
<kw name="Sleep" library="BuiltIn">
<arg>${SLEEP}</arg>
<doc>Pauses the test executed for the given time.</doc>
<msg timestamp="20220110 13:03:46.258" level="INFO">Slept 2 seconds</msg>
<status status="PASS" starttime="20220110 13:03:44.242" endtime="20220110 13:03:46.259"/>
</kw>
<kw name="Wait Until Page Contains Element" library="SeleniumLibrary">
<arg>//select[@name="dwfrm_fastTrack_terminal"]</arg>
<doc>Waits until the element ``locator`` appears on the current page.</doc>
<status status="PASS" starttime="20220110 13:03:46.259" endtime="20220110 13:03:46.290"/>
</kw>
<kw name="Select From List By Value" library="SeleniumLibrary">
<arg>//select[@name="dwfrm_fastTrack_terminal"]</arg>
<arg>LHR2</arg>
<doc>Selects options from selection list ``locator`` by ``values``.</doc>
<msg timestamp="20220110 13:03:46.290" level="INFO">Selecting options from selection list '//select[@name="dwfrm_fastTrack_terminal"]' by value LHR2.</msg>
<status status="PASS" starttime="20220110 13:03:46.290" endtime="20220110 13:03:46.342"/>
</kw>
<kw name="Sleep" library="BuiltIn">
<arg>${SLEEP}</arg>
<doc>Pauses the test executed for the given time.</doc>
<msg timestamp="20220110 13:03:48.343" level="INFO">Slept 2 seconds</msg>
<status status="PASS" starttime="20220110 13:03:46.342" endtime="20220110 13:03:48.343"/>
</kw>
<kw name="Wait Until Page Contains Element" library="SeleniumLibrary">
<arg>//select[@name="dwfrm_fastTrack_entryTime"]</arg>
<doc>Waits until the element ``locator`` appears on the current page.</doc>
<status status="PASS" starttime="20220110 13:03:48.343" endtime="20220110 13:03:48.357"/>
</kw>
<kw name="Select From List By Value" library="SeleniumLibrary">
<arg>//select[@name="dwfrm_fastTrack_entryTime"]</arg>
<arg>16:00</arg>
<doc>Selects options from selection list ``locator`` by ``values``.</doc>
<msg timestamp="20220110 13:03:48.357" level="INFO">Selecting options from selection list '//select[@name="dwfrm_fastTrack_entryTime"]' by value 16:00.</msg>
<status status="PASS" starttime="20220110 13:03:48.357" endtime="20220110 13:03:48.414"/>
</kw>
<kw name="Sleep" library="BuiltIn">
<arg>${SLEEP}</arg>
<doc>Pauses the test executed for the given time.</doc>
<msg timestamp="20220110 13:03:50.427" level="INFO">Slept 2 seconds</msg>
<status status="PASS" starttime="20220110 13:03:48.415" endtime="20220110 13:03:50.427"/>
</kw>
<kw name="Wait Until Page Contains Element" library="SeleniumLibrary">
<arg>//button[@name="save"]</arg>
<doc>Waits until the element ``locator`` appears on the current page.</doc>
<status status="PASS" starttime="20220110 13:03:50.427" endtime="20220110 13:03:50.437"/>
</kw>
<kw name="Click Element" library="SeleniumLibrary">
<arg>//button[@name="save"]</arg>
<doc>Click the element identified by ``locator``.</doc>
<msg timestamp="20220110 13:03:50.437" level="INFO">Clicking element '//button[@name="save"]'.</msg>
<status status="PASS" starttime="20220110 13:03:50.437" endtime="20220110 13:03:53.138"/>
</kw>
<kw name="Sleep" library="BuiltIn">
<arg>${SLEEP}</arg>
<doc>Pauses the test executed for the given time.</doc>
<msg timestamp="20220110 13:03:55.142" level="INFO">Slept 2 seconds</msg>
<status status="PASS" starttime="20220110 13:03:53.138" endtime="20220110 13:03:55.142"/>
</kw>
<status status="PASS" starttime="20220110 13:03:40.658" endtime="20220110 13:03:55.142"/>
</test>
<test id="s1-t3" name="User can see the fast track results">
<kw name="Wait Until Page Contains Element" library="SeleniumLibrary">
<arg>//button[@class="w-100 add-to-cart-plp btn btn-primary"]</arg>
<doc>Waits until the element ``locator`` appears on the current page.</doc>
<kw name="Capture Page Screenshot" library="SeleniumLibrary">
<doc>Takes a screenshot of the current page and embeds it into a log file.</doc>
<msg timestamp="20220110 13:04:00.371" level="INFO" html="true">&lt;/td&gt;&lt;/tr&gt;&lt;tr&gt;&lt;td colspan="3"&gt;&lt;a href="selenium-screenshot-22.png"&gt;&lt;img src="selenium-screenshot-22.png" width="800px"&gt;&lt;/a&gt;</msg>
<status status="PASS" starttime="20220110 13:04:00.208" endtime="20220110 13:04:00.371"/>
</kw>
<msg timestamp="20220110 13:04:00.372" level="FAIL">Element '//button[@class="w-100 add-to-cart-plp btn btn-primary"]' did not appear in 5 seconds.</msg>
<status status="FAIL" starttime="20220110 13:03:55.143" endtime="20220110 13:04:00.372"/>
</kw>
<kw name="Click Element" library="SeleniumLibrary">
<arg>//button[@class="w-100 add-to-cart-plp btn btn-primary"]</arg>
<doc>Click the element identified by ``locator``.</doc>
<status status="NOT RUN" starttime="20220110 13:04:00.372" endtime="20220110 13:04:00.372"/>
</kw>
<kw name="Sleep" library="BuiltIn">
<arg>${SLEEPLONG}</arg>
<doc>Pauses the test executed for the given time.</doc>
<status status="NOT RUN" starttime="20220110 13:04:00.373" endtime="20220110 13:04:00.373"/>
</kw>
<status status="FAIL" starttime="20220110 13:03:55.142" endtime="20220110 13:04:00.373">Element '//button[@class="w-100 add-to-cart-plp btn btn-primary"]' did not appear in 5 seconds.</status>
</test>
<test id="s1-t4" name="User proceeds to checkout">
<kw name="Wait Until Page Contains Element" library="SeleniumLibrary">
<arg>xpath=(//a[@href="/booking/checkout"])[2]</arg>
<doc>Waits until the element ``locator`` appears on the current page.</doc>
<kw name="Capture Page Screenshot" library="SeleniumLibrary">
<doc>Takes a screenshot of the current page and embeds it into a log file.</doc>
<msg timestamp="20220110 13:04:05.563" level="INFO" html="true">&lt;/td&gt;&lt;/tr&gt;&lt;tr&gt;&lt;td colspan="3"&gt;&lt;a href="selenium-screenshot-23.png"&gt;&lt;img src="selenium-screenshot-23.png" width="800px"&gt;&lt;/a&gt;</msg>
<status status="PASS" starttime="20220110 13:04:05.397" endtime="20220110 13:04:05.563"/>
</kw>
<msg timestamp="20220110 13:04:05.563" level="FAIL">Element 'xpath=(//a[@href="/booking/checkout"])[2]' did not appear in 5 seconds.</msg>
<status status="FAIL" starttime="20220110 13:04:00.374" endtime="20220110 13:04:05.563"/>
</kw>
<kw name="Click Link" library="SeleniumLibrary">
<arg>//a[contains(text(),'Checkout')]</arg>
<doc>Clicks a link identified by ``locator``.</doc>
<status status="NOT RUN" starttime="20220110 13:04:05.564" endtime="20220110 13:04:05.564"/>
</kw>
<kw name="Sleep" library="BuiltIn">
<arg>${SLEEP}</arg>
<doc>Pauses the test executed for the given time.</doc>
<status status="NOT RUN" starttime="20220110 13:04:05.564" endtime="20220110 13:04:05.564"/>
</kw>
<status status="FAIL" starttime="20220110 13:04:00.373" endtime="20220110 13:04:05.564">Element 'xpath=(//a[@href="/booking/checkout"])[2]' did not appear in 5 seconds.</status>
</test>
<test id="s1-t5" name="User enters checkout information">
<kw name="Wait Until Page Contains Element" library="SeleniumLibrary">
<arg>//input[@name="dwfrm_billing_personalInfoFields_firstName"]</arg>
<doc>Waits until the element ``locator`` appears on the current page.</doc>
<kw name="Capture Page Screenshot" library="SeleniumLibrary">
<doc>Takes a screenshot of the current page and embeds it into a log file.</doc>
<msg timestamp="20220110 13:04:10.777" level="INFO" html="true">&lt;/td&gt;&lt;/tr&gt;&lt;tr&gt;&lt;td colspan="3"&gt;&lt;a href="selenium-screenshot-24.png"&gt;&lt;img src="selenium-screenshot-24.png" width="800px"&gt;&lt;/a&gt;</msg>
<status status="PASS" starttime="20220110 13:04:10.601" endtime="20220110 13:04:10.777"/>
</kw>
<msg timestamp="20220110 13:04:10.778" level="FAIL">Element '//input[@name="dwfrm_billing_personalInfoFields_firstName"]' did not appear in 5 seconds.</msg>
<status status="FAIL" starttime="20220110 13:04:05.564" endtime="20220110 13:04:10.778"/>
</kw>
<kw name="Input Text" library="SeleniumLibrary">
<arg>//input[@name="dwfrm_billing_personalInfoFields_firstName"]</arg>
<arg>Aized</arg>
<doc>Types the given ``text`` into the text field identified by ``locator``.</doc>
<status status="NOT RUN" starttime="20220110 13:04:10.779" endtime="20220110 13:04:10.779"/>
</kw>
<kw name="Sleep" library="BuiltIn">
<arg>${SLEEP}</arg>
<doc>Pauses the test executed for the given time.</doc>
<status status="NOT RUN" starttime="20220110 13:04:10.779" endtime="20220110 13:04:10.779"/>
</kw>
<kw name="Wait Until Page Contains Element" library="SeleniumLibrary">
<arg>//input[@name="dwfrm_billing_personalInfoFields_lastName"]</arg>
<doc>Waits until the element ``locator`` appears on the current page.</doc>
<status status="NOT RUN" starttime="20220110 13:04:10.779" endtime="20220110 13:04:10.779"/>
</kw>
<kw name="Input Text" library="SeleniumLibrary">
<arg>//input[@name="dwfrm_billing_personalInfoFields_lastName"]</arg>
<arg>Test</arg>
<doc>Types the given ``text`` into the text field identified by ``locator``.</doc>
<status status="NOT RUN" starttime="20220110 13:04:10.779" endtime="20220110 13:04:10.779"/>
</kw>
<kw name="Sleep" library="BuiltIn">
<arg>${SLEEP}</arg>
<doc>Pauses the test executed for the given time.</doc>
<status status="NOT RUN" starttime="20220110 13:04:10.779" endtime="20220110 13:04:10.779"/>
</kw>
<kw name="Wait Until Page Contains Element" library="SeleniumLibrary">
<arg>//div[@class="col-12 col-md-5 px-0 pl-md-3"]</arg>
<doc>Waits until the element ``locator`` appears on the current page.</doc>
<status status="NOT RUN" starttime="20220110 13:04:10.779" endtime="20220110 13:04:10.779"/>
</kw>
<kw name="Click Element" library="SeleniumLibrary">
<arg>//div[@class="col-12 col-md-5 px-0 pl-md-3"]</arg>
<doc>Click the element identified by ``locator``.</doc>
<status status="NOT RUN" starttime="20220110 13:04:10.779" endtime="20220110 13:04:10.779"/>
</kw>
<kw name="Sleep" library="BuiltIn">
<arg>${SLEEP}</arg>
<doc>Pauses the test executed for the given time.</doc>
<status status="NOT RUN" starttime="20220110 13:04:10.779" endtime="20220110 13:04:10.779"/>
</kw>
<kw name="Wait Until Page Contains Element" library="SeleniumLibrary">
<arg>//p[@class="checkout-item-title mb-1 mb-md-2 address-title"]</arg>
<doc>Waits until the element ``locator`` appears on the current page.</doc>
<status status="NOT RUN" starttime="20220110 13:04:10.779" endtime="20220110 13:04:10.780"/>
</kw>
<kw name="Click Element" library="SeleniumLibrary">
<arg>//p[@class="checkout-item-title mb-1 mb-md-2 address-title"]</arg>
<doc>Click the element identified by ``locator``.</doc>
<status status="NOT RUN" starttime="20220110 13:04:10.780" endtime="20220110 13:04:10.780"/>
</kw>
<kw name="Sleep" library="BuiltIn">
<arg>${SLEEP}</arg>
<doc>Pauses the test executed for the given time.</doc>
<status status="NOT RUN" starttime="20220110 13:04:10.780" endtime="20220110 13:04:10.780"/>
</kw>
<kw name="Wait Until Page Contains Element" library="SeleniumLibrary">
<arg>//input[@name="dwfrm_billing_addressFields_address1"]</arg>
<doc>Waits until the element ``locator`` appears on the current page.</doc>
<status status="NOT RUN" starttime="20220110 13:04:10.780" endtime="20220110 13:04:10.780"/>
</kw>
<kw name="Input Text" library="SeleniumLibrary">
<arg>//input[@name="dwfrm_billing_addressFields_address1"]</arg>
<arg>123 House Street</arg>
<doc>Types the given ``text`` into the text field identified by ``locator``.</doc>
<status status="NOT RUN" starttime="20220110 13:04:10.780" endtime="20220110 13:04:10.780"/>
</kw>
<kw name="Sleep" library="BuiltIn">
<arg>${SLEEP}</arg>
<doc>Pauses the test executed for the given time.</doc>
<status status="NOT RUN" starttime="20220110 13:04:10.780" endtime="20220110 13:04:10.780"/>
</kw>
<kw name="Wait Until Page Contains Element" library="SeleniumLibrary">
<arg>//input[@name="dwfrm_billing_addressFields_city"]</arg>
<doc>Waits until the element ``locator`` appears on the current page.</doc>
<status status="NOT RUN" starttime="20220110 13:04:10.780" endtime="20220110 13:04:10.780"/>
</kw>
<kw name="Input Text" library="SeleniumLibrary">
<arg>//input[@name="dwfrm_billing_addressFields_city"]</arg>
<arg>City</arg>
<doc>Types the given ``text`` into the text field identified by ``locator``.</doc>
<status status="NOT RUN" starttime="20220110 13:04:10.780" endtime="20220110 13:04:10.780"/>
</kw>
<kw name="Sleep" library="BuiltIn">
<arg>${SLEEP}</arg>
<doc>Pauses the test executed for the given time.</doc>
<status status="NOT RUN" starttime="20220110 13:04:10.780" endtime="20220110 13:04:10.780"/>
</kw>
<kw name="Wait Until Page Contains Element" library="SeleniumLibrary">
<arg>//input[@name="dwfrm_billing_addressFields_postalCode"]</arg>
<doc>Waits until the element ``locator`` appears on the current page.</doc>
<status status="NOT RUN" starttime="20220110 13:04:10.780" endtime="20220110 13:04:10.780"/>
</kw>
<kw name="Input Text" library="SeleniumLibrary">
<arg>//input[@name="dwfrm_billing_addressFields_postalCode"]</arg>
<arg>CV11AB</arg>
<doc>Types the given ``text`` into the text field identified by ``locator``.</doc>
<status status="NOT RUN" starttime="20220110 13:04:10.781" endtime="20220110 13:04:10.781"/>
</kw>
<kw name="Sleep" library="BuiltIn">
<arg>${SLEEP}</arg>
<doc>Pauses the test executed for the given time.</doc>
<status status="NOT RUN" starttime="20220110 13:04:10.781" endtime="20220110 13:04:10.781"/>
</kw>
<kw name="Wait Until Page Contains Element" library="SeleniumLibrary">
<arg>//input[@name="dwfrm_billing_contactInfoFields_phone"]</arg>
<doc>Waits until the element ``locator`` appears on the current page.</doc>
<status status="NOT RUN" starttime="20220110 13:04:10.781" endtime="20220110 13:04:10.781"/>
</kw>
<kw name="Input Text" library="SeleniumLibrary">
<arg>//input[@name="dwfrm_billing_contactInfoFields_phone"]</arg>
<arg>9816384912</arg>
<doc>Types the given ``text`` into the text field identified by ``locator``.</doc>
<status status="NOT RUN" starttime="20220110 13:04:10.781" endtime="20220110 13:04:10.781"/>
</kw>
<kw name="Sleep" library="BuiltIn">
<arg>${SLEEP}</arg>
<doc>Pauses the test executed for the given time.</doc>
<status status="NOT RUN" starttime="20220110 13:04:10.781" endtime="20220110 13:04:10.781"/>
</kw>
<kw name="Wait Until Page Contains Element" library="SeleniumLibrary">
<arg>xpath=(//div[@class="row mx-0"])[4]</arg>
<doc>Waits until the element ``locator`` appears on the current page.</doc>
<status status="NOT RUN" starttime="20220110 13:04:10.781" endtime="20220110 13:04:10.781"/>
</kw>
<kw name="Click Element" library="SeleniumLibrary">
<arg>xpath=(//div[@class="row mx-0"])[4]</arg>
<doc>Click the element identified by ``locator``.</doc>
<status status="NOT RUN" starttime="20220110 13:04:10.781" endtime="20220110 13:04:10.781"/>
</kw>
<kw name="Sleep" library="BuiltIn">
<arg>${SLEEP}</arg>
<doc>Pauses the test executed for the given time.</doc>
<status status="NOT RUN" starttime="20220110 13:04:10.781" endtime="20220110 13:04:10.782"/>
</kw>
<kw name="Wait Until Page Contains Element" library="SeleniumLibrary">
<arg>//input[@name="dwfrm_billing_contactInfoFields_email"]</arg>
<doc>Waits until the element ``locator`` appears on the current page.</doc>
<status status="NOT RUN" starttime="20220110 13:04:10.782" endtime="20220110 13:04:10.782"/>
</kw>
<kw name="Input Text" library="SeleniumLibrary">
<arg>//input[@name="dwfrm_billing_contactInfoFields_email"]</arg>
<arg>aizedrathore@hotmail.com</arg>
<doc>Types the given ``text`` into the text field identified by ``locator``.</doc>
<status status="NOT RUN" starttime="20220110 13:04:10.782" endtime="20220110 13:04:10.782"/>
</kw>
<kw name="Sleep" library="BuiltIn">
<arg>${SLEEP}</arg>
<doc>Pauses the test executed for the given time.</doc>
<status status="NOT RUN" starttime="20220110 13:04:10.782" endtime="20220110 13:04:10.782"/>
</kw>
<kw name="Wait Until Page Contains Element" library="SeleniumLibrary">
<arg>//input[@name="dwfrm_billing_creditCardFields_cardNumber"]</arg>
<doc>Waits until the element ``locator`` appears on the current page.</doc>
<status status="NOT RUN" starttime="20220110 13:04:10.782" endtime="20220110 13:04:10.782"/>
</kw>
<kw name="Input Text" library="SeleniumLibrary">
<arg>//input[@name="dwfrm_billing_creditCardFields_cardNumber"]</arg>
<arg>5111 1111 1111 1118</arg>
<doc>Types the given ``text`` into the text field identified by ``locator``.</doc>
<status status="NOT RUN" starttime="20220110 13:04:10.782" endtime="20220110 13:04:10.782"/>
</kw>
<kw name="Sleep" library="BuiltIn">
<arg>${SLEEP}</arg>
<doc>Pauses the test executed for the given time.</doc>
<status status="NOT RUN" starttime="20220110 13:04:10.782" endtime="20220110 13:04:10.782"/>
</kw>
<kw name="Wait Until Page Contains Element" library="SeleniumLibrary">
<arg>//input[@name="dwfrm_billing_creditCardFields_cardOwner"]</arg>
<doc>Waits until the element ``locator`` appears on the current page.</doc>
<status status="NOT RUN" starttime="20220110 13:04:10.782" endtime="20220110 13:04:10.782"/>
</kw>
<kw name="Input Text" library="SeleniumLibrary">
<arg>//input[@name="dwfrm_billing_creditCardFields_cardOwner"]</arg>
<arg>William Shakespeare</arg>
<doc>Types the given ``text`` into the text field identified by ``locator``.</doc>
<status status="NOT RUN" starttime="20220110 13:04:10.783" endtime="20220110 13:04:10.783"/>
</kw>
<kw name="Sleep" library="BuiltIn">
<arg>${SLEEP}</arg>
<doc>Pauses the test executed for the given time.</doc>
<status status="NOT RUN" starttime="20220110 13:04:10.783" endtime="20220110 13:04:10.783"/>
</kw>
<kw name="Wait Until Page Contains Element" library="SeleniumLibrary">
<arg>//select[@name="dwfrm_billing_creditCardFields_expirationMonth"]</arg>
<doc>Waits until the element ``locator`` appears on the current page.</doc>
<status status="NOT RUN" starttime="20220110 13:04:10.783" endtime="20220110 13:04:10.783"/>
</kw>
<kw name="Select From List By Value" library="SeleniumLibrary">
<arg>//select[@name="dwfrm_billing_creditCardFields_expirationMonth"]</arg>
<arg>1</arg>
<doc>Selects options from selection list ``locator`` by ``values``.</doc>
<status status="NOT RUN" starttime="20220110 13:04:10.783" endtime="20220110 13:04:10.783"/>
</kw>
<kw name="Sleep" library="BuiltIn">
<arg>${SLEEP}</arg>
<doc>Pauses the test executed for the given time.</doc>
<status status="NOT RUN" starttime="20220110 13:04:10.783" endtime="20220110 13:04:10.783"/>
</kw>
<kw name="Wait Until Page Contains Element" library="SeleniumLibrary">
<arg>//select[@name="dwfrm_billing_creditCardFields_expirationYear"]</arg>
<doc>Waits until the element ``locator`` appears on the current page.</doc>
<status status="NOT RUN" starttime="20220110 13:04:10.783" endtime="20220110 13:04:10.783"/>
</kw>
<kw name="Select From List By Value" library="SeleniumLibrary">
<arg>//select[@name="dwfrm_billing_creditCardFields_expirationYear"]</arg>
<arg>2029</arg>
<doc>Selects options from selection list ``locator`` by ``values``.</doc>
<status status="NOT RUN" starttime="20220110 13:04:10.784" endtime="20220110 13:04:10.784"/>
</kw>
<kw name="Sleep" library="BuiltIn">
<arg>${SLEEP}</arg>
<doc>Pauses the test executed for the given time.</doc>
<status status="NOT RUN" starttime="20220110 13:04:10.784" endtime="20220110 13:04:10.784"/>
</kw>
<kw name="Wait Until Page Contains Element" library="SeleniumLibrary">
<arg>//input[@name="dwfrm_billing_creditCardFields_securityCode"]</arg>
<doc>Waits until the element ``locator`` appears on the current page.</doc>
<status status="NOT RUN" starttime="20220110 13:04:10.784" endtime="20220110 13:04:10.784"/>
</kw>
<kw name="Input Text" library="SeleniumLibrary">
<arg>//input[@name="dwfrm_billing_creditCardFields_securityCode"]</arg>
<arg>202</arg>
<doc>Types the given ``text`` into the text field identified by ``locator``.</doc>
<status status="NOT RUN" starttime="20220110 13:04:10.784" endtime="20220110 13:04:10.784"/>
</kw>
<kw name="Sleep" library="BuiltIn">
<arg>${SLEEP}</arg>
<doc>Pauses the test executed for the given time.</doc>
<status status="NOT RUN" starttime="20220110 13:04:10.784" endtime="20220110 13:04:10.784"/>
</kw>
<kw name="Wait Until Page Contains Element" library="SeleniumLibrary">
<arg>//label[@for="terms"]</arg>
<doc>Waits until the element ``locator`` appears on the current page.</doc>
<status status="NOT RUN" starttime="20220110 13:04:10.784" endtime="20220110 13:04:10.784"/>
</kw>
<kw name="Execute Javascript" library="SeleniumLibrary">
<arg>document.evaluate("${checkboxElement}", document, null, XPathResult.FIRST_ORDERED_NODE_TYPE, null).singleNodeValue.click()</arg>
<doc>Executes the given JavaScript code with possible arguments.</doc>
<status status="NOT RUN" starttime="20220110 13:04:10.784" endtime="20220110 13:04:10.784"/>
</kw>
<kw name="Sleep" library="BuiltIn">
<arg>${SLEEP}</arg>
<doc>Pauses the test executed for the given time.</doc>
<status status="NOT RUN" starttime="20220110 13:04:10.784" endtime="20220110 13:04:10.785"/>
</kw>
<kw name="Wait Until Page Contains Element" library="SeleniumLibrary">
<arg>xpath=(//button[@name="submit"])[2]</arg>
<doc>Waits until the element ``locator`` appears on the current page.</doc>
<status status="NOT RUN" starttime="20220110 13:04:10.785" endtime="20220110 13:04:10.785"/>
</kw>
<kw name="Click Element" library="SeleniumLibrary">
<arg>xpath=(//button[@name="submit"])[2]</arg>
<doc>Click the element identified by ``locator``.</doc>
<status status="NOT RUN" starttime="20220110 13:04:10.785" endtime="20220110 13:04:10.785"/>
</kw>
<kw name="Sleep" library="BuiltIn">
<arg>${SLEEPLONG}</arg>
<doc>Pauses the test executed for the given time.</doc>
<status status="NOT RUN" starttime="20220110 13:04:10.785" endtime="20220110 13:04:10.785"/>
</kw>
<status status="FAIL" starttime="20220110 13:04:05.564" endtime="20220110 13:04:10.785">Element '//input[@name="dwfrm_billing_personalInfoFields_firstName"]' did not appear in 5 seconds.</status>
</test>
<test id="s1-t6" name="The user navigates back to parking homepage">
<kw name="Wait Until Page Contains Element" library="SeleniumLibrary">
<arg>xpath=(//a[@href="/booking/parking"])[3]</arg>
<doc>Waits until the element ``locator`` appears on the current page.</doc>
<status status="PASS" starttime="20220110 13:04:10.787" endtime="20220110 13:04:10.799"/>
</kw>
<kw name="Click Link" library="SeleniumLibrary">
<arg>xpath=(//a[@href="/booking/parking"])[3]</arg>
<doc>Clicks a link identified by ``locator``.</doc>
<msg timestamp="20220110 13:04:10.800" level="INFO">Clicking link 'xpath=(//a[@href="/booking/parking"])[3]'.</msg>
<status status="PASS" starttime="20220110 13:04:10.800" endtime="20220110 13:04:11.627"/>
</kw>
<kw name="Sleep" library="BuiltIn">
<arg>${SLEEP}</arg>
<doc>Pauses the test executed for the given time.</doc>
<msg timestamp="20220110 13:04:13.638" level="INFO">Slept 2 seconds</msg>
<status status="PASS" starttime="20220110 13:04:11.627" endtime="20220110 13:04:13.638"/>
</kw>
<kw name="Close Browser" library="SeleniumLibrary">
<doc>Closes the current browser.</doc>
<status status="PASS" starttime="20220110 13:04:13.638" endtime="20220110 13:04:15.706"/>
</kw>
<status status="PASS" starttime="20220110 13:04:10.786" endtime="20220110 13:04:15.706"/>
</test>
<status status="FAIL" starttime="20220110 13:03:34.577" endtime="20220110 13:04:15.707"/>
</suite>
<statistics>
<total>
<stat pass="3" fail="3" skip="0">All Tests</stat>
</total>
<tag>
<stat pass="1" fail="0" skip="0">book_parking_space</stat>
</tag>
<suite>
<stat pass="3" fail="3" skip="0" id="s1" name="Fasttrack">Fasttrack</stat>
</suite>
</statistics>
<errors>
</errors>
</robot>
